[train] fixture=snake-eye-yummy-opener tier=A generations=8 μ=3 λ=4 budget=30000ms seed=42
[Solver] solver-config.json loaded and validated
[Solver] interruption-weights.json loaded and validated (15 types)
[Solver] interruption-tags.json loaded and validated (160 cards)
[Solver] handtraps.json loaded and validated (5 entries)
[Solver] structural-weights.json loaded and validated
[Solver] structural-tutor-cards.json loaded (5 entries)
[Solver] archetype-expertise loaded (4 files)
[Solver] grammar graph validated (1 successor, 9 bridges)
[Solver] All interruption-tags cardIds verified against card pool
[Solver] OCGCore v11.0 initialized
[train] edges: total=926 active(tier=A)=267
[Solver] WARN: SELECT_CHAIN action missing description, cardId=41999284
[train] baseline (weights=0): fitness=17.464 matched=0/7 goalMatch=15.24 nodes=2243
[train] gen=1 best=22.972 mean=21.211 std=1.524 σ=0.500 succ=100%
[train] gen=2 best=22.976 mean=22.094 std=1.523 σ=0.500 succ=100%
[train] gen=3 best=22.976 mean=22.094 std=1.523 σ=0.500 succ=67%
[train] gen=4 best=22.976 mean=22.972 std=0.003 σ=0.500 succ=50%
[train] gen=5 best=22.976 mean=22.972 std=0.003 σ=0.610 succ=40%
[train] gen=6 best=22.976 mean=22.972 std=0.003 σ=0.610 succ=20%
[train] gen=7 best=22.976 mean=22.973 std=0.002 σ=0.500 succ=0%
[train] gen=8 best=22.976 mean=22.973 std=0.002 σ=0.410 succ=0%
[train] final weights → C:\Users\Axel\Desktop\code\skytrix\duel-server\data\trained-weights\tier-a-snake-eye.json
[train] re-eval: fitness=22.966 matched=0/7 goalMatch=20.81 nodes=2253 term=depth_cap
[train] Δ vs baseline: fitness +5.501 | goalMatch +5.57 | matched 0→0 (baseline 0)
[train] csv → ../_bmad-output/solver-data/graph-ml-v1/metrics-optA-snake-eye.csv
