[evaluate] pool size: 14
[evaluate-par] fixtures: 15  budget=30000ms  node-budget=200  label='optA-gate-snake-eye'
[Solver] solver-config.json loaded and validated
[Solver] solver-config.json loaded and validated
[Solver] solver-config.json loaded and validated
[Solver] solver-config.json loaded and validated
[Solver] interruption-weights.json loaded and validated (15 types)
[Solver] interruption-tags.json loaded and validated (160 cards)
[Solver] handtraps.json loaded and validated (5 entries)
[Solver] structural-weights.json loaded and validated
[Solver] structural-tutor-cards.json loaded (5 entries)
[Solver] archetype-expertise loaded (4 files)
[Solver] grammar graph validated (1 successor, 9 bridges)
[Solver] All interruption-tags cardIds verified against card pool
[Solver] solver-config.json loaded and validated
[Solver] interruption-weights.json loaded and validated (15 types)
[Solver] interruption-tags.json loaded and validated (160 cards)
[Solver] handtraps.json loaded and validated (5 entries)
[Solver] structural-weights.json loaded and validated
[Solver] structural-tutor-cards.json loaded (5 entries)
[Solver] archetype-expertise loaded (4 files)
[Solver] grammar graph validated (1 successor, 9 bridges)
[Solver] All interruption-tags cardIds verified against card pool
[Solver] interruption-weights.json loaded and validated (15 types)
[Solver] interruption-tags.json loaded and validated (160 cards)
[Solver] handtraps.json loaded and validated (5 entries)
[Solver] structural-weights.json loaded and validated
[Solver] structural-tutor-cards.json loaded (5 entries)
[Solver] archetype-expertise loaded (4 files)
[Solver] grammar graph validated (1 successor, 9 bridges)
[Solver] All interruption-tags cardIds verified against card pool
[Solver] interruption-weights.json loaded and validated (15 types)
[Solver] interruption-tags.json loaded and validated (160 cards)
[Solver] handtraps.json loaded and validated (5 entries)
[Solver] structural-weights.json loaded and validated
[Solver] structural-tutor-cards.json loaded (5 entries)
[Solver] archetype-expertise loaded (4 files)
[Solver] grammar graph validated (1 successor, 9 bridges)
[Solver] All interruption-tags cardIds verified against card pool
[Solver] solver-config.json loaded and validated
[Solver] interruption-weights.json loaded and validated (15 types)
[Solver] interruption-tags.json loaded and validated (160 cards)
[Solver] handtraps.json loaded and validated (5 entries)
[Solver] structural-weights.json loaded and validated
[Solver] structural-tutor-cards.json loaded (5 entries)
[Solver] archetype-expertise loaded (4 files)
[Solver] grammar graph validated (1 successor, 9 bridges)
[Solver] All interruption-tags cardIds verified against card pool
[Solver] solver-config.json loaded and validated
[Solver] OCGCore v11.0 initialized
[Solver] OCGCore v11.0 initialized
[Solver] interruption-weights.json loaded and validated (15 types)
[Solver] interruption-tags.json loaded and validated (160 cards)
[Solver] handtraps.json loaded and validated (5 entries)
[Solver] structural-weights.json loaded and validated
[Solver] structural-tutor-cards.json loaded (5 entries)
[Solver] archetype-expertise loaded (4 files)
[Solver] grammar graph validated (1 successor, 9 bridges)
[Solver] All interruption-tags cardIds verified against card pool
[Solver] solver-config.json loaded and validated
[Solver] solver-config.json loaded and validated
[Solver] interruption-weights.json loaded and validated (15 types)
[Solver] interruption-tags.json loaded and validated (160 cards)
[Solver] handtraps.json loaded and validated (5 entries)
[Solver] structural-weights.json loaded and validated
[Solver] structural-tutor-cards.json loaded (5 entries)
[Solver] archetype-expertise loaded (4 files)
[Solver] grammar graph validated (1 successor, 9 bridges)
[Solver] All interruption-tags cardIds verified against card pool
[Solver] OCGCore v11.0 initialized
[Solver] solver-config.json loaded and validated
[Solver] OCGCore v11.0 initialized
[Solver] interruption-weights.json loaded and validated (15 types)
[Solver] interruption-tags.json loaded and validated (160 cards)
[Solver] handtraps.json loaded and validated (5 entries)
[Solver] structural-weights.json loaded and validated
[Solver] structural-tutor-cards.json loaded (5 entries)
[Solver] archetype-expertise loaded (4 files)
[Solver] grammar graph validated (1 successor, 9 bridges)
[Solver] All interruption-tags cardIds verified against card pool
[Solver] solver-config.json loaded and validated
[Solver] interruption-weights.json loaded and validated (15 types)
[Solver] interruption-tags.json loaded and validated (160 cards)
[Solver] handtraps.json loaded and validated (5 entries)
[Solver] structural-weights.json loaded and validated
[Solver] structural-tutor-cards.json loaded (5 entries)
[Solver] archetype-expertise loaded (4 files)
[Solver] grammar graph validated (1 successor, 9 bridges)
[Solver] All interruption-tags cardIds verified against card pool
[Solver] OCGCore v11.0 initialized
[Solver] OCGCore v11.0 initialized
[Solver] interruption-weights.json loaded and validated (15 types)
[Solver] interruption-tags.json loaded and validated (160 cards)
[Solver] handtraps.json loaded and validated (5 entries)
[Solver] structural-weights.json loaded and validated
[Solver] structural-tutor-cards.json loaded (5 entries)
[Solver] archetype-expertise loaded (4 files)
[Solver] grammar graph validated (1 successor, 9 bridges)
[Solver] All interruption-tags cardIds verified against card pool
[Solver] solver-config.json loaded and validated
[Solver] OCGCore v11.0 initialized
[Solver] interruption-weights.json loaded and validated (15 types)
[Solver] interruption-tags.json loaded and validated (160 cards)
[Solver] handtraps.json loaded and validated (5 entries)
[Solver] structural-weights.json loaded and validated
[Solver] structural-tutor-cards.json loaded (5 entries)
[Solver] archetype-expertise loaded (4 files)
[Solver] grammar graph validated (1 successor, 9 bridges)
[Solver] All interruption-tags cardIds verified against card pool
[Solver] solver-config.json loaded and validated
[Solver] OCGCore v11.0 initialized
[Solver] interruption-weights.json loaded and validated (15 types)
[Solver] interruption-tags.json loaded and validated (160 cards)
[Solver] handtraps.json loaded and validated (5 entries)
[Solver] structural-weights.json loaded and validated
[Solver] structural-tutor-cards.json loaded (5 entries)
[Solver] archetype-expertise loaded (4 files)
[Solver] grammar graph validated (1 successor, 9 bridges)
[Solver] All interruption-tags cardIds verified against card pool
[Solver] solver-config.json loaded and validated
[Solver] OCGCore v11.0 initialized
[Solver] interruption-weights.json loaded and validated (15 types)
[Solver] interruption-tags.json loaded and validated (160 cards)
[Solver] handtraps.json loaded and validated (5 entries)
[Solver] structural-weights.json loaded and validated
[Solver] structural-tutor-cards.json loaded (5 entries)
[Solver] archetype-expertise loaded (4 files)
[Solver] grammar graph validated (1 successor, 9 bridges)
[Solver] All interruption-tags cardIds verified against card pool
[Solver] OCGCore v11.0 initialized
[Solver] OCGCore v11.0 initialized
[Solver] interruption-weights.json loaded and validated (15 types)
[Solver] interruption-tags.json loaded and validated (160 cards)
[Solver] handtraps.json loaded and validated (5 entries)
[Solver] structural-weights.json loaded and validated
[Solver] structural-tutor-cards.json loaded (5 entries)
[Solver] archetype-expertise loaded (4 files)
[Solver] grammar graph validated (1 successor, 9 bridges)
[Solver] All interruption-tags cardIds verified against card pool
[Solver] OCGCore v11.0 initialized
[Solver] OCGCore v11.0 initialized
[Solver] OCGCore v11.0 initialized
[Solver] WARN: SELECT_CHAIN action missing description, cardId=78397661
[Solver] WARN: SELECT_CHAIN action missing description, cardId=50596425
[Solver] WARN: SELECT_CHAIN action missing description, cardId=94445733
[Solver] WARN: SELECT_CHAIN action missing description, cardId=5318639
[Solver] WARN: SELECT_CHAIN action missing description, cardId=27381364
[Solver] WARN: SELECT_CHAIN action missing description, cardId=41999284
[Solver] WARN: SELECT_CHAIN action missing description, cardId=78397661
  [ddd-pendulum-opener] (ddd-wcq-top4)  score=17  expl=26  latent=9  matched=1/5  nodes=414  depth=50  az=0%  t2=40.3%  walk=26077ms  term=depth_cap
  [ryzeal-mitsurugi-opener] (ryzeal-mitsurugi-hk-top8)  score=41.5  expl=45.5  latent=4  matched=1/5  nodes=414  depth=52  az=0%  t2=44.4%  walk=25946ms  term=timeout
  [radiant-typhoon-opener] (radiant-typhoon-ygoprodeck-2026)  score=17  expl=17  latent=0  matched=2/3  nodes=508  depth=46  az=0%  t2=64.8%  walk=26097ms  term=timeout
  [branded-dracotail-opener] (branded-dracotail-bainbridge-2nd)  score=71.78571428571428  expl=71.78571428571428  latent=0  matched=4/8  nodes=498  depth=45  az=0%  t2=59.3%  walk=25796ms  term=timeout
  [kashtira-azamina-opener] (kashtira-azamina-verquin-wcq-top8)  score=9  expl=9  latent=0  matched=1/4  nodes=359  depth=26  az=0%  t2=58.2%  walk=25946ms  term=timeout
  [horus-crystron-opener] (horus-crystron-santiago-wcq-top4)  score=10  expl=11  latent=1  matched=1/4  nodes=406  depth=45  az=0%  t2=50.4%  walk=25901ms  term=timeout
  [dinomorphia-opener] (dinomorphia-696904)  score=1  expl=1  latent=0  matched=0/3  nodes=518  depth=27  az=0%  t2=55.8%  walk=25717ms  term=timeout
  [spright-opener] (spright-greenville-wcq-top8)  score=9  expl=9  latent=0  matched=0/4  nodes=509  depth=29  az=0%  t2=57%  walk=25562ms  term=timeout
  [snake-eye-yummy-opener] (snake-eye-yummy-sarcophagus-hollywood-wcq)  score=23.238095238095237  expl=23.238095238095237  latent=0  matched=1/7  nodes=388  depth=75  az=8.3%  t2=43.8%  walk=26022ms  term=depth_cap
  [tearlaments-opener] (tearlaments-2026-fafnirymd)  score=15  expl=15  latent=0  matched=0/4  nodes=398  depth=68  az=0%  t2=74.7%  walk=26034ms  term=timeout
  [floowandereeze-opener] (floowandereeze-2026)  score=12  expl=12  latent=0  matched=2/4  nodes=506  depth=55  az=0%  t2=29.3%  walk=25956ms  term=timeout
  [labrynth-opener] (labrynth-2026)  score=9  expl=9  latent=0  matched=1/4  nodes=496  depth=31  az=0%  t2=57.8%  walk=25819ms  term=timeout
  [stun-runick-opener] (stun-runick-melbourne-top8)  score=1  expl=1  latent=0  matched=0/4  nodes=428  depth=38  az=0%  t2=64.2%  walk=25906ms  term=timeout
  [nekroz-ryzeal-opener] (nekroz-ryzeal-jan2026-tcg-1st)  score=1  expl=5  latent=4  matched=0/4  nodes=392  depth=28  az=7.1%  t2=45%  walk=25802ms  term=timeout
  [branded-dracotail-opener-mirrorjade-line] (branded-dracotail-bainbridge-2nd)  score=63.64285714285714  expl=65.2278196435783  latent=1.584962500721156  matched=2/6  nodes=2659  depth=72  az=0%  t2=45.9%  walk=24083ms  term=timeout

[evaluate-par] ═══ AGGREGATE ═══
  cumulative matched:          16/69
  cumulative score:            301.16666666666663
  cumulative explorationScore: 320.7516291673878
  fixtures:                    15

[evaluate] wrote C:\Users\Axel\Desktop\code\skytrix\_bmad-output\solver-data\graph-ml-v1\optA-gate-snake-eye.json

[evaluate] ═══ COMPARISON vs ../_bmad-output/solver-data/graph-ml-v1/regression-untuned.json ═══
  prev label: 'm1-regression-untuned'  (2026-04-24T22:14:19.406Z)
  curr label: 'optA-gate-snake-eye'  (2026-04-25T06:17:51.701Z)
  cumulative matched:           11 → 16  (Δ+5)
  cumulative score:             186.85714285714286 → 301.16666666666663  (Δ+114.30952380952377)
  cumulative explorationScore:  205.61203035930632 → 320.7516291673878  (Δ+115.14)

  IMPROVEMENTS (11):
    ✓ ddd-pendulum-opener: matched 0→1 (Δ+1)  score 2→17 (Δ+15.00)
    ✓ ryzeal-mitsurugi-opener: matched 1→1 (Δ+0)  score 33→41.5 (Δ+8.50)
    ✓ radiant-typhoon-opener: matched 0→2 (Δ+2)  score 2→17 (Δ+15.00)
    ✓ branded-dracotail-opener: matched 3→4 (Δ+1)  score 30.642857142857142→71.78571428571428 (Δ+41.14)
    ✓ kashtira-azamina-opener: matched 1→1 (Δ+0)  score 8→9 (Δ+1.00)
    ✓ horus-crystron-opener: matched 1→1 (Δ+0)  score 8→10 (Δ+2.00)
    ✓ snake-eye-yummy-opener: matched 1→1 (Δ+0)  score 15.571428571428571→23.238095238095237 (Δ+7.67)
    ✓ tearlaments-opener: matched 0→0 (Δ+0)  score 10→15 (Δ+5.00)
    ✓ floowandereeze-opener: matched 0→2 (Δ+2)  score 2→12 (Δ+10.00)
    ✓ stun-runick-opener: matched 0→0 (Δ+0)  score 0→1 (Δ+1.00)
    ✓ branded-dracotail-opener-mirrorjade-line: matched 2→2 (Δ+0)  score 56.64285714285714→63.64285714285714 (Δ+7.00)

  CORRECTIONS (1):
    ~ spright-opener: matched 1→0 (Δ-1)  score 8→9 (Δ+1.00)  [correction: stricter endboard]

  STABLE (3):
    = dinomorphia-opener: matched 0→0 (Δ+0)  score 1→1 (Δ+0.00)
    = labrynth-opener: matched 1→1 (Δ+0)  score 9→9 (Δ+0.00)
    = nekroz-ryzeal-opener: matched 0→0 (Δ+0)  score 1→1 (Δ+0.00)

[evaluate] PASS: no regressions
